Train on 9957 samples, validate on 2487 samples
Epoch 1/100
9920/9957 [============================>.] - ETA: 0s - loss: 0.8702 - accuracy: 0.2247       
Epoch 00001: saving model to checkpoints/huber.ckpt
9957/9957 [==============================] - 11s 1ms/sample - loss: 0.8685 - accuracy: 0.2246 - val_loss: 0.5454 - val_accuracy: 0.2356
Epoch 2/100
9920/9957 [============================>.] - ETA: 0s - loss: 0.5123 - accuracy: 0.2530
Epoch 00002: saving model to checkpoints/huber.ckpt
9957/9957 [==============================] - 7s 678us/sample - loss: 0.5116 - accuracy: 0.2527 - val_loss: 0.4871 - val_accuracy: 0.5388
Epoch 3/100
9920/9957 [============================>.] - ETA: 0s - loss: 0.4186 - accuracy: 0.2273
Epoch 00003: saving model to checkpoints/huber.ckpt
9957/9957 [==============================] - 7s 693us/sample - loss: 0.4182 - accuracy: 0.2271 - val_loss: 0.4013 - val_accuracy: 0.3181
Epoch 4/100
9920/9957 [============================>.] - ETA: 0s - loss: 0.3720 - accuracy: 0.2408
Epoch 00004: saving model to checkpoints/huber.ckpt
9957/9957 [==============================] - 8s 764us/sample - loss: 0.3715 - accuracy: 0.2407 - val_loss: 0.3753 - val_accuracy: 0.2654
Epoch 5/100
9920/9957 [============================>.] - ETA: 0s - loss: 0.3184 - accuracy: 0.2412
Epoch 00005: saving model to checkpoints/huber.ckpt
9957/9957 [==============================] - 7s 680us/sample - loss: 0.3181 - accuracy: 0.2406 - val_loss: 0.3343 - val_accuracy: 0.1106
Epoch 6/100
9920/9957 [============================>.] - ETA: 0s - loss: 0.2781 - accuracy: 0.2488
Epoch 00006: saving model to checkpoints/huber.ckpt
9957/9957 [==============================] - 7s 687us/sample - loss: 0.2778 - accuracy: 0.2489 - val_loss: 0.3271 - val_accuracy: 0.2300
Epoch 7/100
9920/9957 [============================>.] - ETA: 0s - loss: 0.2501 - accuracy: 0.2436
Epoch 00007: saving model to checkpoints/huber.ckpt
9957/9957 [==============================] - 7s 696us/sample - loss: 0.2500 - accuracy: 0.2436 - val_loss: 0.3433 - val_accuracy: 0.1894
Epoch 8/100
9920/9957 [============================>.] - ETA: 0s - loss: 0.2196 - accuracy: 0.2526
Epoch 00008: saving model to checkpoints/huber.ckpt
9957/9957 [==============================] - 7s 709us/sample - loss: 0.2194 - accuracy: 0.2526 - val_loss: 0.3115 - val_accuracy: 0.1403
Epoch 9/100
9920/9957 [============================>.] - ETA: 0s - loss: 0.2080 - accuracy: 0.2397
Epoch 00009: saving model to checkpoints/huber.ckpt
9957/9957 [==============================] - 7s 678us/sample - loss: 0.2077 - accuracy: 0.2397 - val_loss: 0.3749 - val_accuracy: 0.3052
Epoch 10/100
9920/9957 [============================>.] - ETA: 0s - loss: 0.2045 - accuracy: 0.2398
Epoch 00010: saving model to checkpoints/huber.ckpt
9957/9957 [==============================] - 7s 694us/sample - loss: 0.2043 - accuracy: 0.2398 - val_loss: 0.2965 - val_accuracy: 0.2409
Epoch 11/100
9920/9957 [============================>.] - ETA: 0s - loss: 0.1920 - accuracy: 0.2434
Epoch 00011: saving model to checkpoints/huber.ckpt
9957/9957 [==============================] - 7s 682us/sample - loss: 0.1916 - accuracy: 0.2435 - val_loss: 0.3168 - val_accuracy: 0.2674
Epoch 12/100
9920/9957 [============================>.] - ETA: 0s - loss: 0.1862 - accuracy: 0.2504
Epoch 00012: saving model to checkpoints/huber.ckpt
9957/9957 [==============================] - 7s 717us/sample - loss: 0.1860 - accuracy: 0.2503 - val_loss: 0.3052 - val_accuracy: 0.3241
Epoch 13/100
9888/9957 [============================>.] - ETA: 0s - loss: 0.1635 - accuracy: 0.2501
Epoch 00013: saving model to checkpoints/huber.ckpt
9957/9957 [==============================] - 7s 689us/sample - loss: 0.1634 - accuracy: 0.2508 - val_loss: 0.3279 - val_accuracy: 0.2670
Epoch 14/100
9920/9957 [============================>.] - ETA: 0s - loss: 0.1629 - accuracy: 0.2400
Epoch 00014: saving model to checkpoints/huber.ckpt
9957/9957 [==============================] - 7s 689us/sample - loss: 0.1626 - accuracy: 0.2397 - val_loss: 0.4190 - val_accuracy: 0.2244
Epoch 15/100
9920/9957 [============================>.] - ETA: 0s - loss: 0.1549 - accuracy: 0.2451
Epoch 00015: saving model to checkpoints/huber.ckpt
9957/9957 [==============================] - 7s 675us/sample - loss: 0.1546 - accuracy: 0.2450 - val_loss: 0.3800 - val_accuracy: 0.2135
Epoch 16/100
9920/9957 [============================>.] - ETA: 0s - loss: 0.1423 - accuracy: 0.2410
Epoch 00016: saving model to checkpoints/huber.ckpt
9957/9957 [==============================] - 7s 699us/sample - loss: 0.1425 - accuracy: 0.2420 - val_loss: 0.4694 - val_accuracy: 0.5296
Epoch 17/100
9920/9957 [============================>.] - ETA: 0s - loss: 0.1437 - accuracy: 0.2453
Epoch 00017: saving model to checkpoints/huber.ckpt
9957/9957 [==============================] - 7s 680us/sample - loss: 0.1440 - accuracy: 0.2447 - val_loss: 0.3682 - val_accuracy: 0.1094
Epoch 18/100
9920/9957 [============================>.] - ETA: 0s - loss: 0.1390 - accuracy: 0.2500
Epoch 00018: saving model to checkpoints/huber.ckpt
9957/9957 [==============================] - 7s 692us/sample - loss: 0.1395 - accuracy: 0.2497 - val_loss: 0.3850 - val_accuracy: 0.1717
Epoch 19/100
9920/9957 [============================>.] - ETA: 0s - loss: 0.1262 - accuracy: 0.2502
Epoch 00019: saving model to checkpoints/huber.ckpt
9957/9957 [==============================] - 7s 706us/sample - loss: 0.1260 - accuracy: 0.2501 - val_loss: 0.3508 - val_accuracy: 0.1842
Epoch 20/100
9888/9957 [============================>.] - ETA: 0s - loss: 0.1037 - accuracy: 0.2430
Epoch 00020: saving model to checkpoints/huber.ckpt
9957/9957 [==============================] - 7s 689us/sample - loss: 0.1036 - accuracy: 0.2425 - val_loss: 0.3316 - val_accuracy: 0.2280
Epoch 21/100
9920/9957 [============================>.] - ETA: 0s - loss: 0.0951 - accuracy: 0.2411
Epoch 00021: saving model to checkpoints/huber.ckpt
9957/9957 [==============================] - 7s 673us/sample - loss: 0.0950 - accuracy: 0.2410 - val_loss: 0.3328 - val_accuracy: 0.2549
Epoch 22/100
9920/9957 [============================>.] - ETA: 0s - loss: 0.0964 - accuracy: 0.2419
Epoch 00022: saving model to checkpoints/huber.ckpt
9957/9957 [==============================] - 7s 682us/sample - loss: 0.0965 - accuracy: 0.2418 - val_loss: 0.3578 - val_accuracy: 0.1765
Epoch 23/100
9920/9957 [============================>.] - ETA: 0s - loss: 0.0987 - accuracy: 0.2367
Epoch 00023: saving model to checkpoints/huber.ckpt
9957/9957 [==============================] - 7s 678us/sample - loss: 0.0989 - accuracy: 0.2361 - val_loss: 0.3742 - val_accuracy: 0.1500
Epoch 24/100
9920/9957 [============================>.] - ETA: 0s - loss: 0.1059 - accuracy: 0.2441
Epoch 00024: saving model to checkpoints/huber.ckpt
9957/9957 [==============================] - 7s 682us/sample - loss: 0.1058 - accuracy: 0.2446 - val_loss: 0.3430 - val_accuracy: 0.2220
Epoch 25/100
9920/9957 [============================>.] - ETA: 0s - loss: 0.0967 - accuracy: 0.2336
Epoch 00025: saving model to checkpoints/huber.ckpt
9957/9957 [==============================] - 7s 676us/sample - loss: 0.0966 - accuracy: 0.2336 - val_loss: 0.3184 - val_accuracy: 0.2348
Epoch 26/100
9920/9957 [============================>.] - ETA: 0s - loss: 0.0905 - accuracy: 0.2413
Epoch 00026: saving model to checkpoints/huber.ckpt
9957/9957 [==============================] - 7s 691us/sample - loss: 0.0905 - accuracy: 0.2415 - val_loss: 0.3898 - val_accuracy: 0.2437
Epoch 27/100
9920/9957 [============================>.] - ETA: 0s - loss: 0.0902 - accuracy: 0.2398
Epoch 00027: saving model to checkpoints/huber.ckpt
9957/9957 [==============================] - 7s 693us/sample - loss: 0.0901 - accuracy: 0.2400 - val_loss: 0.3373 - val_accuracy: 0.2493
Epoch 28/100
9920/9957 [============================>.] - ETA: 0s - loss: 0.0849 - accuracy: 0.2351
Epoch 00028: saving model to checkpoints/huber.ckpt
9957/9957 [==============================] - 7s 691us/sample - loss: 0.0848 - accuracy: 0.2350 - val_loss: 0.3227 - val_accuracy: 0.2606
Epoch 29/100
9920/9957 [============================>.] - ETA: 0s - loss: 0.0969 - accuracy: 0.2340
Epoch 00029: saving model to checkpoints/huber.ckpt
9957/9957 [==============================] - 7s 686us/sample - loss: 0.0968 - accuracy: 0.2344 - val_loss: 0.3467 - val_accuracy: 0.2726
Epoch 30/100
9952/9957 [============================>.] - ETA: 0s - loss: 0.0994 - accuracy: 0.2412
Epoch 00030: saving model to checkpoints/huber.ckpt
9957/9957 [==============================] - 7s 679us/sample - loss: 0.0994 - accuracy: 0.2410 - val_loss: 0.3365 - val_accuracy: 0.2211
Epoch 31/100
9920/9957 [============================>.] - ETA: 0s - loss: 0.0860 - accuracy: 0.2287
Epoch 00031: saving model to checkpoints/huber.ckpt
9957/9957 [==============================] - 7s 673us/sample - loss: 0.0859 - accuracy: 0.2286 - val_loss: 0.3265 - val_accuracy: 0.2324
Epoch 32/100
9920/9957 [============================>.] - ETA: 0s - loss: 0.0802 - accuracy: 0.2328
Epoch 00032: saving model to checkpoints/huber.ckpt
9957/9957 [==============================] - 7s 677us/sample - loss: 0.0801 - accuracy: 0.2323 - val_loss: 0.3337 - val_accuracy: 0.2207
Epoch 33/100
9920/9957 [============================>.] - ETA: 0s - loss: 0.0757 - accuracy: 0.2383
Epoch 00033: saving model to checkpoints/huber.ckpt
9957/9957 [==============================] - 7s 688us/sample - loss: 0.0758 - accuracy: 0.2379 - val_loss: 0.3226 - val_accuracy: 0.2360
Epoch 34/100
9920/9957 [============================>.] - ETA: 0s - loss: 0.0760 - accuracy: 0.2285
Epoch 00034: saving model to checkpoints/huber.ckpt
9957/9957 [==============================] - 7s 681us/sample - loss: 0.0760 - accuracy: 0.2288 - val_loss: 0.3445 - val_accuracy: 0.3120
Epoch 35/100
9920/9957 [============================>.] - ETA: 0s - loss: 0.0745 - accuracy: 0.2298
Epoch 00035: saving model to checkpoints/huber.ckpt
9957/9957 [==============================] - 7s 682us/sample - loss: 0.0745 - accuracy: 0.2298 - val_loss: 0.3528 - val_accuracy: 0.2477
Epoch 36/100
9920/9957 [============================>.] - ETA: 0s - loss: 0.0696 - accuracy: 0.2362
Epoch 00036: saving model to checkpoints/huber.ckpt
9957/9957 [==============================] - 7s 695us/sample - loss: 0.0696 - accuracy: 0.2362 - val_loss: 0.3296 - val_accuracy: 0.2384
Epoch 37/100
9920/9957 [============================>.] - ETA: 0s - loss: 0.0627 - accuracy: 0.2336
Epoch 00037: saving model to checkpoints/huber.ckpt
9957/9957 [==============================] - 7s 686us/sample - loss: 0.0627 - accuracy: 0.2337 - val_loss: 0.3367 - val_accuracy: 0.2280
Epoch 38/100
9888/9957 [============================>.] - ETA: 0s - loss: 0.0659 - accuracy: 0.2421
Epoch 00038: saving model to checkpoints/huber.ckpt
9957/9957 [==============================] - 7s 688us/sample - loss: 0.0658 - accuracy: 0.2420 - val_loss: 0.3440 - val_accuracy: 0.2087
Epoch 39/100
9920/9957 [============================>.] - ETA: 0s - loss: 0.0632 - accuracy: 0.2378
Epoch 00039: saving model to checkpoints/huber.ckpt
9957/9957 [==============================] - 7s 679us/sample - loss: 0.0632 - accuracy: 0.2379 - val_loss: 0.3614 - val_accuracy: 0.2035
Epoch 40/100
9920/9957 [============================>.] - ETA: 0s - loss: 0.0648 - accuracy: 0.2343
Epoch 00040: saving model to checkpoints/huber.ckpt
9957/9957 [==============================] - 7s 674us/sample - loss: 0.0649 - accuracy: 0.2349 - val_loss: 0.3412 - val_accuracy: 0.2698
Epoch 41/100
9920/9957 [============================>.] - ETA: 0s - loss: 0.0661 - accuracy: 0.2405
Epoch 00041: saving model to checkpoints/huber.ckpt
9957/9957 [==============================] - 7s 677us/sample - loss: 0.0663 - accuracy: 0.2403 - val_loss: 0.3165 - val_accuracy: 0.2232
Epoch 42/100
9920/9957 [============================>.] - ETA: 0s - loss: 0.0650 - accuracy: 0.2346
Epoch 00042: saving model to checkpoints/huber.ckpt
9957/9957 [==============================] - 7s 682us/sample - loss: 0.0649 - accuracy: 0.2346 - val_loss: 0.3306 - val_accuracy: 0.2155
Epoch 43/100
9920/9957 [============================>.] - ETA: 0s - loss: 0.0655 - accuracy: 0.2336
Epoch 00043: saving model to checkpoints/huber.ckpt
9957/9957 [==============================] - 7s 689us/sample - loss: 0.0657 - accuracy: 0.2334 - val_loss: 0.3342 - val_accuracy: 0.2336
Epoch 44/100
9920/9957 [============================>.] - ETA: 0s - loss: 0.0637 - accuracy: 0.2359
Epoch 00044: saving model to checkpoints/huber.ckpt
9957/9957 [==============================] - 7s 681us/sample - loss: 0.0642 - accuracy: 0.2353 - val_loss: 0.4003 - val_accuracy: 0.2027
Epoch 45/100
9920/9957 [============================>.] - ETA: 0s - loss: 0.0594 - accuracy: 0.2350
Epoch 00045: saving model to checkpoints/huber.ckpt
9957/9957 [==============================] - 7s 693us/sample - loss: 0.0595 - accuracy: 0.2350 - val_loss: 0.4877 - val_accuracy: 0.1978
Epoch 46/100
9920/9957 [============================>.] - ETA: 0s - loss: 0.0575 - accuracy: 0.2336
Epoch 00046: saving model to checkpoints/huber.ckpt
9957/9957 [==============================] - 7s 682us/sample - loss: 0.0578 - accuracy: 0.2334 - val_loss: 0.3429 - val_accuracy: 0.2376
Epoch 47/100
9920/9957 [============================>.] - ETA: 0s - loss: 0.0572 - accuracy: 0.2343
Epoch 00047: saving model to checkpoints/huber.ckpt
9957/9957 [==============================] - 7s 685us/sample - loss: 0.0573 - accuracy: 0.2339 - val_loss: 0.3469 - val_accuracy: 0.2175
Epoch 48/100
9888/9957 [============================>.] - ETA: 0s - loss: 0.0606 - accuracy: 0.2350
Epoch 00048: saving model to checkpoints/huber.ckpt
9957/9957 [==============================] - 7s 685us/sample - loss: 0.0607 - accuracy: 0.2346 - val_loss: 0.3389 - val_accuracy: 0.2288
Epoch 49/100
9920/9957 [============================>.] - ETA: 0s - loss: 0.0534 - accuracy: 0.2358
Epoch 00049: saving model to checkpoints/huber.ckpt
9957/9957 [==============================] - 7s 687us/sample - loss: 0.0534 - accuracy: 0.2361 - val_loss: 0.3456 - val_accuracy: 0.2706
Epoch 50/100
9920/9957 [============================>.] - ETA: 0s - loss: 0.0499 - accuracy: 0.2349
Epoch 00050: saving model to checkpoints/huber.ckpt
9957/9957 [==============================] - 7s 680us/sample - loss: 0.0499 - accuracy: 0.2344 - val_loss: 0.3283 - val_accuracy: 0.2674
Epoch 51/100
9920/9957 [============================>.] - ETA: 0s - loss: 0.0560 - accuracy: 0.2405
Epoch 00051: saving model to checkpoints/huber.ckpt
9957/9957 [==============================] - 7s 689us/sample - loss: 0.0560 - accuracy: 0.2409 - val_loss: 0.3325 - val_accuracy: 0.2300
Epoch 52/100
9920/9957 [============================>.] - ETA: 0s - loss: 0.0520 - accuracy: 0.2368
Epoch 00052: saving model to checkpoints/huber.ckpt
9957/9957 [==============================] - 7s 674us/sample - loss: 0.0520 - accuracy: 0.2361 - val_loss: 0.3377 - val_accuracy: 0.2027
Epoch 53/100
9920/9957 [============================>.] - ETA: 0s - loss: 0.0488 - accuracy: 0.2373
Epoch 00053: saving model to checkpoints/huber.ckpt
9957/9957 [==============================] - 7s 696us/sample - loss: 0.0488 - accuracy: 0.2371 - val_loss: 0.3555 - val_accuracy: 0.2545
Epoch 54/100
9920/9957 [============================>.] - ETA: 0s - loss: 0.0520 - accuracy: 0.2398
Epoch 00054: saving model to checkpoints/huber.ckpt
9957/9957 [==============================] - 7s 686us/sample - loss: 0.0520 - accuracy: 0.2392 - val_loss: 0.3487 - val_accuracy: 0.2067
Epoch 55/100
9920/9957 [============================>.] - ETA: 0s - loss: 0.0513 - accuracy: 0.2386
Epoch 00055: saving model to checkpoints/huber.ckpt
9957/9957 [==============================] - 7s 683us/sample - loss: 0.0512 - accuracy: 0.2385 - val_loss: 0.3144 - val_accuracy: 0.2441
Epoch 56/100
9920/9957 [============================>.] - ETA: 0s - loss: 0.0572 - accuracy: 0.2376
Epoch 00056: saving model to checkpoints/huber.ckpt
9957/9957 [==============================] - 7s 681us/sample - loss: 0.0571 - accuracy: 0.2379 - val_loss: 0.3062 - val_accuracy: 0.2340
Epoch 57/100
9920/9957 [============================>.] - ETA: 0s - loss: 0.0567 - accuracy: 0.2343
Epoch 00057: saving model to checkpoints/huber.ckpt
9957/9957 [==============================] - 7s 683us/sample - loss: 0.0567 - accuracy: 0.2343 - val_loss: 0.3216 - val_accuracy: 0.2409
Epoch 58/100
9888/9957 [============================>.] - ETA: 0s - loss: 0.0539 - accuracy: 0.2382
Epoch 00058: saving model to checkpoints/huber.ckpt
9957/9957 [==============================] - 7s 688us/sample - loss: 0.0538 - accuracy: 0.2378 - val_loss: 0.3533 - val_accuracy: 0.2248
Epoch 59/100
9920/9957 [============================>.] - ETA: 0s - loss: 0.0553 - accuracy: 0.2387
Epoch 00059: saving model to checkpoints/huber.ckpt
9957/9957 [==============================] - 7s 678us/sample - loss: 0.0554 - accuracy: 0.2391 - val_loss: 0.3747 - val_accuracy: 0.2195
Epoch 60/100
9920/9957 [============================>.] - ETA: 0s - loss: 0.0561 - accuracy: 0.2363
Epoch 00060: saving model to checkpoints/huber.ckpt
9957/9957 [==============================] - 7s 677us/sample - loss: 0.0562 - accuracy: 0.2365 - val_loss: 0.3350 - val_accuracy: 0.2280
Epoch 61/100
9920/9957 [============================>.] - ETA: 0s - loss: 0.0497 - accuracy: 0.2328
Epoch 00061: saving model to checkpoints/huber.ckpt
9957/9957 [==============================] - 7s 679us/sample - loss: 0.0498 - accuracy: 0.2327 - val_loss: 0.3375 - val_accuracy: 0.2324
Epoch 62/100
9920/9957 [============================>.] - ETA: 0s - loss: 0.0386 - accuracy: 0.2328
Epoch 00062: saving model to checkpoints/huber.ckpt
9957/9957 [==============================] - 7s 684us/sample - loss: 0.0386 - accuracy: 0.2330 - val_loss: 0.3381 - val_accuracy: 0.2529
Epoch 63/100
9920/9957 [============================>.] - ETA: 0s - loss: 0.0408 - accuracy: 0.2406
Epoch 00063: saving model to checkpoints/huber.ckpt
9957/9957 [==============================] - 7s 679us/sample - loss: 0.0409 - accuracy: 0.2411 - val_loss: 0.3361 - val_accuracy: 0.2392
Epoch 64/100
9920/9957 [============================>.] - ETA: 0s - loss: 0.0395 - accuracy: 0.2279
Epoch 00064: saving model to checkpoints/huber.ckpt
9957/9957 [==============================] - 7s 678us/sample - loss: 0.0396 - accuracy: 0.2279 - val_loss: 0.3344 - val_accuracy: 0.2075
Epoch 65/100
9920/9957 [============================>.] - ETA: 0s - loss: 0.0404 - accuracy: 0.2337
Epoch 00065: saving model to checkpoints/huber.ckpt
9957/9957 [==============================] - 7s 686us/sample - loss: 0.0405 - accuracy: 0.2340 - val_loss: 0.3666 - val_accuracy: 0.2147
Epoch 66/100
9920/9957 [============================>.] - ETA: 0s - loss: 0.0379 - accuracy: 0.2348
Epoch 00066: saving model to checkpoints/huber.ckpt
9957/9957 [==============================] - 7s 690us/sample - loss: 0.0379 - accuracy: 0.2354 - val_loss: 0.3854 - val_accuracy: 0.2228
Epoch 67/100
9920/9957 [============================>.] - ETA: 0s - loss: 0.0442 - accuracy: 0.2342
Epoch 00067: saving model to checkpoints/huber.ckpt
9957/9957 [==============================] - 7s 688us/sample - loss: 0.0442 - accuracy: 0.2340 - val_loss: 0.3257 - val_accuracy: 0.2513
Epoch 68/100
9888/9957 [============================>.] - ETA: 0s - loss: 0.0485 - accuracy: 0.2374
Epoch 00068: saving model to checkpoints/huber.ckpt
9957/9957 [==============================] - 7s 684us/sample - loss: 0.0484 - accuracy: 0.2371 - val_loss: 0.3003 - val_accuracy: 0.2179
Epoch 69/100
9920/9957 [============================>.] - ETA: 0s - loss: 0.0460 - accuracy: 0.2351
Epoch 00069: saving model to checkpoints/huber.ckpt
9957/9957 [==============================] - 7s 678us/sample - loss: 0.0459 - accuracy: 0.2347 - val_loss: 0.2943 - val_accuracy: 0.2228
Epoch 70/100
9920/9957 [============================>.] - ETA: 0s - loss: 0.0415 - accuracy: 0.2407
Epoch 00070: saving model to checkpoints/huber.ckpt
9957/9957 [==============================] - 7s 684us/sample - loss: 0.0415 - accuracy: 0.2402 - val_loss: 0.3102 - val_accuracy: 0.2396
Epoch 71/100
9920/9957 [============================>.] - ETA: 0s - loss: 0.0390 - accuracy: 0.2344
Epoch 00071: saving model to checkpoints/huber.ckpt
9957/9957 [==============================] - 7s 685us/sample - loss: 0.0390 - accuracy: 0.2343 - val_loss: 0.2832 - val_accuracy: 0.2473
Epoch 72/100
9920/9957 [============================>.] - ETA: 0s - loss: 0.0409 - accuracy: 0.2319
Epoch 00072: saving model to checkpoints/huber.ckpt
9957/9957 [==============================] - 7s 683us/sample - loss: 0.0409 - accuracy: 0.2317 - val_loss: 0.2911 - val_accuracy: 0.2569
Epoch 73/100
9920/9957 [============================>.] - ETA: 0s - loss: 0.0375 - accuracy: 0.2373
Epoch 00073: saving model to checkpoints/huber.ckpt
9957/9957 [==============================] - 7s 686us/sample - loss: 0.0376 - accuracy: 0.2366 - val_loss: 0.3314 - val_accuracy: 0.2336
Epoch 74/100
9920/9957 [============================>.] - ETA: 0s - loss: 0.0338 - accuracy: 0.2396
Epoch 00074: saving model to checkpoints/huber.ckpt
9957/9957 [==============================] - 7s 688us/sample - loss: 0.0340 - accuracy: 0.2399 - val_loss: 0.3381 - val_accuracy: 0.2264
Epoch 75/100
9920/9957 [============================>.] - ETA: 0s - loss: 0.0342 - accuracy: 0.2433
Epoch 00075: saving model to checkpoints/huber.ckpt
9957/9957 [==============================] - 7s 686us/sample - loss: 0.0342 - accuracy: 0.2426 - val_loss: 0.3095 - val_accuracy: 0.2405
Epoch 76/100
9888/9957 [============================>.] - ETA: 0s - loss: 0.0344 - accuracy: 0.2427
Epoch 00076: saving model to checkpoints/huber.ckpt
9957/9957 [==============================] - 7s 690us/sample - loss: 0.0343 - accuracy: 0.2425 - val_loss: 0.3081 - val_accuracy: 0.2187
Epoch 77/100
9920/9957 [============================>.] - ETA: 0s - loss: 0.0341 - accuracy: 0.2345
Epoch 00077: saving model to checkpoints/huber.ckpt
9957/9957 [==============================] - 7s 684us/sample - loss: 0.0341 - accuracy: 0.2348 - val_loss: 0.2876 - val_accuracy: 0.2352
Epoch 78/100
9920/9957 [============================>.] - ETA: 0s - loss: 0.0313 - accuracy: 0.2346
Epoch 00078: saving model to checkpoints/huber.ckpt
9957/9957 [==============================] - 7s 679us/sample - loss: 0.0313 - accuracy: 0.2346 - val_loss: 0.2955 - val_accuracy: 0.2296
Epoch 79/100
9920/9957 [============================>.] - ETA: 0s - loss: 0.0321 - accuracy: 0.2370
Epoch 00079: saving model to checkpoints/huber.ckpt
9957/9957 [==============================] - 7s 677us/sample - loss: 0.0321 - accuracy: 0.2369 - val_loss: 0.2974 - val_accuracy: 0.2368
Epoch 80/100
9920/9957 [============================>.] - ETA: 0s - loss: 0.0332 - accuracy: 0.2347
Epoch 00080: saving model to checkpoints/huber.ckpt
9957/9957 [==============================] - 7s 673us/sample - loss: 0.0332 - accuracy: 0.2346 - val_loss: 0.2816 - val_accuracy: 0.2421
Epoch 81/100
9920/9957 [============================>.] - ETA: 0s - loss: 0.0358 - accuracy: 0.2383
Epoch 00081: saving model to checkpoints/huber.ckpt
9957/9957 [==============================] - 7s 681us/sample - loss: 0.0358 - accuracy: 0.2385 - val_loss: 0.2910 - val_accuracy: 0.2384
Epoch 82/100
9920/9957 [============================>.] - ETA: 0s - loss: 0.0385 - accuracy: 0.2365
Epoch 00082: saving model to checkpoints/huber.ckpt
9957/9957 [==============================] - 7s 681us/sample - loss: 0.0386 - accuracy: 0.2364 - val_loss: 0.3057 - val_accuracy: 0.2312
Epoch 83/100
9920/9957 [============================>.] - ETA: 0s - loss: 0.0387 - accuracy: 0.2367
Epoch 00083: saving model to checkpoints/huber.ckpt
9957/9957 [==============================] - 7s 681us/sample - loss: 0.0387 - accuracy: 0.2364 - val_loss: 0.3136 - val_accuracy: 0.2203
Epoch 84/100
9920/9957 [============================>.] - ETA: 0s - loss: 0.0390 - accuracy: 0.2357
Epoch 00084: saving model to checkpoints/huber.ckpt
9957/9957 [==============================] - 7s 674us/sample - loss: 0.0390 - accuracy: 0.2350 - val_loss: 0.3014 - val_accuracy: 0.1954
Epoch 85/100
9920/9957 [============================>.] - ETA: 0s - loss: 0.0422 - accuracy: 0.2432
Epoch 00085: saving model to checkpoints/huber.ckpt
9957/9957 [==============================] - 7s 676us/sample - loss: 0.0422 - accuracy: 0.2431 - val_loss: 0.3134 - val_accuracy: 0.2195
Epoch 86/100
9920/9957 [============================>.] - ETA: 0s - loss: 0.0385 - accuracy: 0.2384
Epoch 00086: saving model to checkpoints/huber.ckpt
9957/9957 [==============================] - 7s 678us/sample - loss: 0.0384 - accuracy: 0.2384 - val_loss: 0.3042 - val_accuracy: 0.2292
Epoch 87/100
9920/9957 [============================>.] - ETA: 0s - loss: 0.0365 - accuracy: 0.2414
Epoch 00087: saving model to checkpoints/huber.ckpt
9957/9957 [==============================] - 7s 687us/sample - loss: 0.0364 - accuracy: 0.2417 - val_loss: 0.2948 - val_accuracy: 0.2147
Epoch 88/100
9920/9957 [============================>.] - ETA: 0s - loss: 0.0357 - accuracy: 0.2352
Epoch 00088: saving model to checkpoints/huber.ckpt
9957/9957 [==============================] - 7s 688us/sample - loss: 0.0356 - accuracy: 0.2353 - val_loss: 0.2937 - val_accuracy: 0.2264
Epoch 89/100
9888/9957 [============================>.] - ETA: 0s - loss: 0.0340 - accuracy: 0.2327
Epoch 00089: saving model to checkpoints/huber.ckpt
9957/9957 [==============================] - 7s 678us/sample - loss: 0.0339 - accuracy: 0.2326 - val_loss: 0.2937 - val_accuracy: 0.2059
Epoch 90/100
9920/9957 [============================>.] - ETA: 0s - loss: 0.0285 - accuracy: 0.2390
Epoch 00090: saving model to checkpoints/huber.ckpt
9957/9957 [==============================] - 7s 677us/sample - loss: 0.0285 - accuracy: 0.2386 - val_loss: 0.2835 - val_accuracy: 0.2211
Epoch 91/100
9920/9957 [============================>.] - ETA: 0s - loss: 0.0290 - accuracy: 0.2332
Epoch 00091: saving model to checkpoints/huber.ckpt
9957/9957 [==============================] - 7s 672us/sample - loss: 0.0290 - accuracy: 0.2332 - val_loss: 0.2909 - val_accuracy: 0.2272
Epoch 92/100
9920/9957 [============================>.] - ETA: 0s - loss: 0.0271 - accuracy: 0.2296
Epoch 00092: saving model to checkpoints/huber.ckpt
9957/9957 [==============================] - 7s 675us/sample - loss: 0.0270 - accuracy: 0.2295 - val_loss: 0.2885 - val_accuracy: 0.2203
Epoch 93/100
9920/9957 [============================>.] - ETA: 0s - loss: 0.0252 - accuracy: 0.2431
Epoch 00093: saving model to checkpoints/huber.ckpt
9957/9957 [==============================] - 7s 683us/sample - loss: 0.0251 - accuracy: 0.2429 - val_loss: 0.2891 - val_accuracy: 0.2236
Epoch 94/100
9920/9957 [============================>.] - ETA: 0s - loss: 0.0268 - accuracy: 0.2492
Epoch 00094: saving model to checkpoints/huber.ckpt
9957/9957 [==============================] - 7s 685us/sample - loss: 0.0268 - accuracy: 0.2490 - val_loss: 0.2816 - val_accuracy: 0.2127
Epoch 95/100
9888/9957 [============================>.] - ETA: 0s - loss: 0.0299 - accuracy: 0.2309
Epoch 00095: saving model to checkpoints/huber.ckpt
9957/9957 [==============================] - 7s 683us/sample - loss: 0.0299 - accuracy: 0.2310 - val_loss: 0.3095 - val_accuracy: 0.2308
Epoch 96/100
9920/9957 [============================>.] - ETA: 0s - loss: 0.0298 - accuracy: 0.2370
Epoch 00096: saving model to checkpoints/huber.ckpt
9957/9957 [==============================] - 7s 687us/sample - loss: 0.0298 - accuracy: 0.2367 - val_loss: 0.3155 - val_accuracy: 0.2240
Epoch 97/100
9920/9957 [============================>.] - ETA: 0s - loss: 0.0283 - accuracy: 0.2346
Epoch 00097: saving model to checkpoints/huber.ckpt
9957/9957 [==============================] - 7s 688us/sample - loss: 0.0283 - accuracy: 0.2346 - val_loss: 0.3151 - val_accuracy: 0.2244
Epoch 98/100
9920/9957 [============================>.] - ETA: 0s - loss: 0.0264 - accuracy: 0.2386
Epoch 00098: saving model to checkpoints/huber.ckpt
9957/9957 [==============================] - 7s 687us/sample - loss: 0.0263 - accuracy: 0.2389 - val_loss: 0.2918 - val_accuracy: 0.2388
Epoch 99/100
9920/9957 [============================>.] - ETA: 0s - loss: 0.0286 - accuracy: 0.2428
Epoch 00099: saving model to checkpoints/huber.ckpt
9957/9957 [==============================] - 7s 674us/sample - loss: 0.0286 - accuracy: 0.2430 - val_loss: 0.3060 - val_accuracy: 0.2473
Epoch 100/100
9920/9957 [============================>.] - ETA: 0s - loss: 0.0346 - accuracy: 0.2342
Epoch 00100: saving model to checkpoints/huber.ckpt
9957/9957 [==============================] - 7s 677us/sample - loss: 0.0346 - accuracy: 0.2338 - val_loss: 0.3000 - val_accuracy: 0.2224
Model: "sequential"
_________________________________________________________________
Layer (type)                 Output Shape              Param #   
=================================================================
conv2d (Conv2D)              multiple                  112       
_________________________________________________________________
conv2d_1 (Conv2D)            multiple                  296       
_________________________________________________________________
max_pooling2d (MaxPooling2D) multiple                  0         
_________________________________________________________________
conv2d_2 (Conv2D)            multiple                  1168      
_________________________________________________________________
conv2d_3 (Conv2D)            multiple                  2320      
_________________________________________________________________
max_pooling2d_1 (MaxPooling2 multiple                  0         
_________________________________________________________________
conv2d_4 (Conv2D)            multiple                  4640      
_________________________________________________________________
conv2d_5 (Conv2D)            multiple                  9248      
_________________________________________________________________
max_pooling2d_2 (MaxPooling2 multiple                  0         
_________________________________________________________________
conv2d_6 (Conv2D)            multiple                  18496     
_________________________________________________________________
conv2d_7 (Conv2D)            multiple                  36928     
_________________________________________________________________
max_pooling2d_3 (MaxPooling2 multiple                  0         
_________________________________________________________________
flatten (Flatten)            multiple                  0         
_________________________________________________________________
dense (Dense)                multiple                  76804     
=================================================================
Total params: 150,012
Trainable params: 150,012
Non-trainable params: 0
_________________________________________________________________

